[     751ms] Error: Hydration failed because the server rendered HTML didn't match the client. As a result this tree will be regenerated on the client. This can happen if a SSR-ed Client Component used:

- A server/client branch `if (typeof window !== 'undefined')`.
- Variable input such as `Date.now()` or `Math.random()` which changes each time it's called.
- Date formatting in a user's locale which doesn't match the server.
- External changing data without sending a snapshot of it along with the HTML.
- Invalid HTML tag nesting.

It can also happen if the client has a browser extension installed which messes with the HTML before React loaded.

https://react.dev/link/hydration-mismatch

  ...
    <TooltipProvider data-slot="tooltip-pr..." delayDuration={0}>
      <TooltipProviderProvider scope={undefined} isOpenDelayedRef={{current:true}} delayDuration={0} ...>
        <div data-slot="sidebar-wr..." style={{...}} className="group/side...">
          <AppSidebar>
          <SidebarInset>
            <main data-slot="sidebar-inset" className="bg-backgro...">
              <SiteHeader title="Finance Pl...">
                <header className="sticky top...">
                  <div className="flex w-ful...">
                    <SidebarTrigger>
                    <Separator>
                    <div className="flex flex-...">
                      <div>
                      <div className="flex items...">
                        <AnimatedThemeToggler>
                          <button ref={{current:null}} onClick={function AnimatedThemeToggler.useCallback[toggleTheme]} ...>
                            <Sun className="h-4 w-4">
                              <svg
                                ref={null}
                                xmlns="http://www.w3.org/2000/svg"
                                width={24}
                                height={24}
                                viewBox="0 0 24 24"
                                fill="none"
                                stroke="currentColor"
                                strokeWidth={2}
                                strokeLinecap="round"
                                strokeLinejoin="round"
+                               className="lucide lucide-sun h-4 w-4"
-                               className="lucide lucide-moon h-4 w-4"
                                aria-hidden="true"
                              >
+                               <circle cx="12" cy="12" r="4">
-                               <path
-                                 d="M20.985 12.486a9 9 0 1 1-9.473-9.472c.405-.022.617.46.402.803a6 6 0 0 0 8.268 8.2..."
-                               >
                                ...
                            ...
              ...

    at throwOnHydrationMismatch (http://localhost:3000/_next/static/chunks/node_modules_next_dist_compiled_react-dom_1e674e59._.js:3348:56)
    at beginWork (http://localhost:3000/_next/static/chunks/node_modules_next_dist_compiled_react-dom_1e674e59._.js:6775:918)
    at runWithFiberInDEV (http://localhost:3000/_next/static/chunks/node_modules_next_dist_compiled_react-dom_1e674e59._.js:965:74)
    at performUnitOfWork (http://localhost:3000/_next/static/chunks/node_modules_next_dist_compiled_react-dom_1e674e59._.js:9562:97)
    at workLoopConcurrentByScheduler (http://localhost:3000/_next/static/chunks/node_modules_next_dist_compiled_react-dom_1e674e59._.js:9558:58)
    at renderRootConcurrent (http://localhost:3000/_next/static/chunks/node_modules_next_dist_compiled_react-dom_1e674e59._.js:9541:71)
    at performWorkOnRoot (http://localhost:3000/_next/static/chunks/node_modules_next_dist_compiled_react-dom_1e674e59._.js:9068:150)
    at performWorkOnRootViaSchedulerTask (http://localhost:3000/_next/static/chunks/node_modules_next_dist_compiled_react-dom_1e674e59._.js:10230:9)
    at MessagePort.performWorkUntilDeadline (http://localhost:3000/_next/static/chunks/node_modules_next_dist_compiled_a0e4c7b4._.js:2647:64)
[     837ms] [ERROR] Failed to load resource: the server responded with a status of 404 (Not Found) @ http://localhost:3000/avatars/user.jpg:0
[   90650ms] Error: Hydration failed because the server rendered HTML didn't match the client. As a result this tree will be regenerated on the client. This can happen if a SSR-ed Client Component used:

- A server/client branch `if (typeof window !== 'undefined')`.
- Variable input such as `Date.now()` or `Math.random()` which changes each time it's called.
- Date formatting in a user's locale which doesn't match the server.
- External changing data without sending a snapshot of it along with the HTML.
- Invalid HTML tag nesting.

It can also happen if the client has a browser extension installed which messes with the HTML before React loaded.

https://react.dev/link/hydration-mismatch

  ...
    <TooltipProvider data-slot="tooltip-pr..." delayDuration={0}>
      <TooltipProviderProvider scope={undefined} isOpenDelayedRef={{current:true}} delayDuration={0} ...>
        <div data-slot="sidebar-wr..." style={{...}} className="group/side...">
          <AppSidebar>
          <SidebarInset>
            <main data-slot="sidebar-inset" className="bg-backgro...">
              <SiteHeader title="Finance Pl...">
                <header className="sticky top...">
                  <div className="flex w-ful...">
                    <SidebarTrigger>
                    <Separator>
                    <div className="flex flex-...">
                      <div>
                      <div className="flex items...">
                        <AnimatedThemeToggler>
                          <button ref={{current:null}} onClick={function AnimatedThemeToggler.useCallback[toggleTheme]} ...>
                            <Sun className="h-4 w-4">
                              <svg
                                ref={null}
                                xmlns="http://www.w3.org/2000/svg"
                                width={24}
                                height={24}
                                viewBox="0 0 24 24"
                                fill="none"
                                stroke="currentColor"
                                strokeWidth={2}
                                strokeLinecap="round"
                                strokeLinejoin="round"
+                               className="lucide lucide-sun h-4 w-4"
-                               className="lucide lucide-moon h-4 w-4"
                                aria-hidden="true"
                              >
+                               <circle cx="12" cy="12" r="4">
-                               <path
-                                 d="M20.985 12.486a9 9 0 1 1-9.473-9.472c.405-.022.617.46.402.803a6 6 0 0 0 8.268 8.2..."
-                               >
                                ...
                            ...
              ...

    at throwOnHydrationMismatch (http://localhost:3000/_next/static/chunks/node_modules_next_dist_compiled_react-dom_1e674e59._.js:3348:56)
    at beginWork (http://localhost:3000/_next/static/chunks/node_modules_next_dist_compiled_react-dom_1e674e59._.js:6775:918)
    at runWithFiberInDEV (http://localhost:3000/_next/static/chunks/node_modules_next_dist_compiled_react-dom_1e674e59._.js:965:74)
    at performUnitOfWork (http://localhost:3000/_next/static/chunks/node_modules_next_dist_compiled_react-dom_1e674e59._.js:9562:97)
    at workLoopConcurrentByScheduler (http://localhost:3000/_next/static/chunks/node_modules_next_dist_compiled_react-dom_1e674e59._.js:9558:58)
    at renderRootConcurrent (http://localhost:3000/_next/static/chunks/node_modules_next_dist_compiled_react-dom_1e674e59._.js:9541:71)
    at performWorkOnRoot (http://localhost:3000/_next/static/chunks/node_modules_next_dist_compiled_react-dom_1e674e59._.js:9068:150)
    at performWorkOnRootViaSchedulerTask (http://localhost:3000/_next/static/chunks/node_modules_next_dist_compiled_react-dom_1e674e59._.js:10230:9)
    at MessagePort.performWorkUntilDeadline (http://localhost:3000/_next/static/chunks/node_modules_next_dist_compiled_a0e4c7b4._.js:2647:64)
[   90726ms] [ERROR] Failed to load resource: the server responded with a status of 404 (Not Found) @ http://localhost:3000/avatars/user.jpg:0
[  221807ms] Error: Hydration failed because the server rendered HTML didn't match the client. As a result this tree will be regenerated on the client. This can happen if a SSR-ed Client Component used:

- A server/client branch `if (typeof window !== 'undefined')`.
- Variable input such as `Date.now()` or `Math.random()` which changes each time it's called.
- Date formatting in a user's locale which doesn't match the server.
- External changing data without sending a snapshot of it along with the HTML.
- Invalid HTML tag nesting.

It can also happen if the client has a browser extension installed which messes with the HTML before React loaded.

https://react.dev/link/hydration-mismatch

  ...
    <TooltipProvider data-slot="tooltip-pr..." delayDuration={0}>
      <TooltipProviderProvider scope={undefined} isOpenDelayedRef={{current:true}} delayDuration={0} ...>
        <div data-slot="sidebar-wr..." style={{...}} className="group/side...">
          <AppSidebar>
          <SidebarInset>
            <main data-slot="sidebar-inset" className="bg-backgro...">
              <SiteHeader title="Finance Pl...">
                <header className="sticky top...">
                  <div className="flex w-ful...">
                    <SidebarTrigger>
                    <Separator>
                    <div className="flex flex-...">
                      <div>
                      <div className="flex items...">
                        <AnimatedThemeToggler>
                          <button ref={{current:null}} onClick={function AnimatedThemeToggler.useCallback[toggleTheme]} ...>
                            <Sun className="h-4 w-4">
                              <svg
                                ref={null}
                                xmlns="http://www.w3.org/2000/svg"
                                width={24}
                                height={24}
                                viewBox="0 0 24 24"
                                fill="none"
                                stroke="currentColor"
                                strokeWidth={2}
                                strokeLinecap="round"
                                strokeLinejoin="round"
+                               className="lucide lucide-sun h-4 w-4"
-                               className="lucide lucide-moon h-4 w-4"
                                aria-hidden="true"
                              >
+                               <circle cx="12" cy="12" r="4">
-                               <path
-                                 d="M20.985 12.486a9 9 0 1 1-9.473-9.472c.405-.022.617.46.402.803a6 6 0 0 0 8.268 8.2..."
-                               >
                                ...
                            ...
              ...

    at throwOnHydrationMismatch (http://localhost:3000/_next/static/chunks/node_modules_next_dist_compiled_react-dom_1e674e59._.js:3348:56)
    at beginWork (http://localhost:3000/_next/static/chunks/node_modules_next_dist_compiled_react-dom_1e674e59._.js:6775:918)
    at runWithFiberInDEV (http://localhost:3000/_next/static/chunks/node_modules_next_dist_compiled_react-dom_1e674e59._.js:965:74)
    at performUnitOfWork (http://localhost:3000/_next/static/chunks/node_modules_next_dist_compiled_react-dom_1e674e59._.js:9562:97)
    at workLoopConcurrentByScheduler (http://localhost:3000/_next/static/chunks/node_modules_next_dist_compiled_react-dom_1e674e59._.js:9558:58)
    at renderRootConcurrent (http://localhost:3000/_next/static/chunks/node_modules_next_dist_compiled_react-dom_1e674e59._.js:9541:71)
    at performWorkOnRoot (http://localhost:3000/_next/static/chunks/node_modules_next_dist_compiled_react-dom_1e674e59._.js:9068:150)
    at performWorkOnRootViaSchedulerTask (http://localhost:3000/_next/static/chunks/node_modules_next_dist_compiled_react-dom_1e674e59._.js:10230:9)
    at MessagePort.performWorkUntilDeadline (http://localhost:3000/_next/static/chunks/node_modules_next_dist_compiled_a0e4c7b4._.js:2647:64)
[  221896ms] [ERROR] Failed to load resource: the server responded with a status of 404 (Not Found) @ http://localhost:3000/avatars/user.jpg:0
[  230334ms] [ERROR] Failed to load resource: the server responded with a status of 404 (Not Found) @ http://localhost:3000/avatars/user.jpg:0
[  232340ms] [ERROR] Failed to load resource: the server responded with a status of 404 (Not Found) @ http://localhost:3000/avatars/user.jpg:0
[  315292ms] [ERROR] Failed to load resource: the server responded with a status of 404 (Not Found) @ http://localhost:3000/avatars/user.jpg:0
[  321302ms] [ERROR] Failed to load resource: the server responded with a status of 404 (Not Found) @ http://localhost:3000/avatars/user.jpg:0
[  399591ms] [ERROR] Failed to load resource: the server responded with a status of 404 (Not Found) @ http://localhost:3000/avatars/user.jpg:0
[  402841ms] [ERROR] Failed to load resource: the server responded with a status of 404 (Not Found) @ http://localhost:3000/avatars/user.jpg:0
[  409554ms] [ERROR] Failed to load resource: the server responded with a status of 404 (Not Found) @ http://localhost:3000/avatars/user.jpg:0
[  410917ms] [ERROR] Failed to load resource: the server responded with a status of 404 (Not Found) @ http://localhost:3000/avatars/user.jpg:0
[  446766ms] [ERROR] Failed to load resource: the server responded with a status of 404 (Not Found) @ http://localhost:3000/avatars/user.jpg:0
[  452588ms] [ERROR] Failed to load resource: the server responded with a status of 404 (Not Found) @ http://localhost:3000/avatars/user.jpg:0
[  544178ms] [ERROR] Failed to load resource: the server responded with a status of 404 (Not Found) @ http://localhost:3000/avatars/user.jpg:0
[  771510ms] [ERROR] Failed to load resource: the server responded with a status of 404 (Not Found) @ http://localhost:3000/avatars/user.jpg:0
[ 1095228ms] [ERROR] Failed to load resource: the server responded with a status of 404 (Not Found) @ http://localhost:3000/avatars/user.jpg:0
[ 1278490ms] [WARNING] [Fast Refresh] performing full reload

Fast Refresh will perform a full reload when you edit a file that's imported by modules outside of the React rendering tree.
You might have a file which exports a React component but also exports a value that is imported by a non-React component file.
Consider migrating the non-React component export to a separate file and importing it into both files.

It is also possible the parent component of the component you edited is a class component, which disables Fast Refresh.
Fast Refresh requires at least one parent function component in your React tree. @ http://localhost:3000/_next/static/chunks/node_modules_next_dist_f3530cac._.js:2297
[ 1279061ms] [ERROR] Failed to load resource: the server responded with a status of 404 (Not Found) @ http://localhost:3000/avatars/user.jpg:0
[ 1548879ms] [ERROR] Failed to load resource: the server responded with a status of 404 (Not Found) @ http://localhost:3000/avatars/user.jpg:0
[ 1570123ms] [ERROR] Failed to load resource: the server responded with a status of 404 (Not Found) @ http://localhost:3000/avatars/user.jpg:0
[ 1572233ms] [ERROR] Failed to load resource: the server responded with a status of 404 (Not Found) @ http://localhost:3000/avatars/user.jpg:0
[ 1594913ms] [ERROR] Failed to load resource: the server responded with a status of 404 (Not Found) @ http://localhost:3000/avatars/user.jpg:0
